

Microchip Technology PIC18 LITE Macro Assembler V1.43 build -156212558 
                                                                                               Wed Nov 01 21:42:28 2017

Microchip Technology Omniscient Code Generator v1.43 (Free mode) build 201707250354
     1                           	processor	18F27K40
     2                           	fnconf	rparam,??,?,0
     3                           	opt	pw 120
     4                           	opt	lm
     5                           	psect	_NVFlag_const,global,ovrld,reloc=2,class=CODE,delta=1,noexec
     6                           	psect	cinit,global,reloc=2,class=CODE,delta=1
     7                           	psect	cstackCOMRAM,global,class=COMRAM,space=1,delta=1,noexec
     8                           	psect	text0,global,reloc=2,class=CODE,delta=1
     9                           	psect	text1,global,reloc=2,class=CODE,delta=1
    10                           	psect	text2,global,reloc=2,class=CODE,delta=1
    11                           	psect	text3,global,reloc=2,class=CODE,delta=1
    12                           	psect	smallconst,global,reloc=2,class=SMALLCONST,delta=1,noexec
    13                           	psect	intsave_regs,global,class=BIGRAM,space=1,delta=1,noexec
    14                           	psect	rparam,global,class=COMRAM,space=1,delta=1,noexec
    15  0000                     
    16                           ; Version 1.43
    17                           ; Generated 25/07/2017 GMT
    18                           ; 
    19                           ; Copyright © 2017, Microchip Technology Inc. and its subsidiaries ("Microchip")
    20                           ; All rights reserved.
    21                           ; 
    22                           ; This software is developed by Microchip Technology Inc. and its subsidiaries ("Microch
      +                          ip").
    23                           ; 
    24                           ; Redistribution and use in source and binary forms, with or without modification, are
    25                           ; permitted provided that the following conditions are met:
    26                           ; 
    27                           ;     1. Redistributions of source code must retain the above copyright notice, this lis
      +                          t of
    28                           ;        conditions and the following disclaimer.
    29                           ; 
    30                           ;     2. Redistributions in binary form must reproduce the above copyright notice, this 
      +                          list
    31                           ;        of conditions and the following disclaimer in the documentation and/or other
    32                           ;        materials provided with the distribution.
    33                           ; 
    34                           ;     3. Microchip's name may not be used to endorse or promote products derived from th
      +                          is
    35                           ;        software without specific prior written permission.
    36                           ; 
    37                           ; THIS SOFTWARE IS PROVIDED BY MICROCHIP "AS IS" AND ANY EXPRESS OR IMPLIED WARRANTIES,
    38                           ; INCLUDING, BUT NOT LIMITED TO, THE IMPLIED WARRANTIES OF MERCHANTABILITY AND FITNESS F
      +                          OR
    39                           ; PURPOSE ARE DISCLAIMED.  IN NO EVENT SHALL MICROCHIP BE LIABLE FOR ANY DIRECT, INDIREC
      +                          T,
    40                           ; INCIDENTAL, SPECIAL, EXEMPLARY, OR CONSEQUENTIAL DAMAGES (INCLUDING BUT NOT LIMITED TO
    41                           ; PROCUREMENT OF SUBSTITUTE GOODS OR SERVICES; LOSS OF USE, DATA OR PROFITS; OR BUSINESS
    42                           ; INTERRUPTION) HOWSOEVER CAUSED AND ON ANY THEORY OF LIABILITY, WHETHER IN CONTRACT, ST
      +                          RICT
    43                           ; LIABILITY, OR TORT (INCLUDING NEGLIGENCE OR OTHERWISE) ARISING IN ANY WAY OUT OF THE U
      +                          SE OF
    44                           ; THIS SOFTWARE, EVEN IF ADVISED OF THE POSSIBILITY OF SUCH DAMAGE.
    45                           ; 
    46                           ; 
    47                           ; Code-generator required, PIC18F27K40 Definitions
    48                           ; 
    49                           ; SFR Addresses
    50  0000                     _NVFlag_absconstaddr	set	131070
    51  0000                     _NVFlag_absconstaddr	set	131070
    52                           
    53                           	psect	_NVFlag_const
    54  01FFFE                     __p_NVFlag_const:
    55                           	opt stack 0
    56  01FFFE                     _NVFlag:
    57                           	opt stack 0
    58  01FFFE  55                 	db	85
    59  01FFFF                     __end_of_NVFlag:
    60                           	opt stack 0
    61  0000                     _OSCTUNE	set	3805
    62  0000                     _OSCFRQ	set	3806
    63  0000                     _OSCEN	set	3804
    64  0000                     _OSCCON3	set	3802
    65  0000                     _OSCCON1	set	3800
    66  0000                     _ODCONC	set	3871
    67  0000                     _ODCONB	set	3863
    68  0000                     _ODCONA	set	3855
    69  0000                     _WPUC	set	3872
    70  0000                     _WPUA	set	3856
    71  0000                     _WPUB	set	3864
    72  0000                     _WPUE	set	3885
    73  0000                     _ANSELA	set	3857
    74  0000                     _ANSELB	set	3865
    75  0000                     _ANSELC	set	3873
    76  0000                     _TRISC	set	3978
    77  0000                     _TRISB	set	3977
    78  0000                     _TRISA	set	3976
    79  0000                     _LATC	set	3973
    80  0000                     _LATB	set	3972
    81  0000                     _LATA	set	3971
    82                           
    83                           ; #config settings
    84  0000                     
    85                           	psect	cinit
    86  000F7E                     __pcinit:
    87                           	opt stack 0
    88  000F7E                     start_initialization:
    89                           	opt stack 0
    90  000F7E                     __initialization:
    91                           	opt stack 0
    92  000F7E                     end_of_initialization:
    93                           	opt stack 0
    94  000F7E                     __end_of__initialization:
    95                           	opt stack 0
    96  000F7E  0100               	movlb	0
    97  000F80  EFC2  F007         	goto	_main	;jump to C main() function
    98                           
    99                           	psect	cstackCOMRAM
   100  000000                     __pcstackCOMRAM:
   101                           	opt stack 0
   102  000000                     
   103                           ; 1 bytes @ 0x0
   104 ;;
   105 ;;Main: autosize = 0, tempsize = 0, incstack = 0, save=0
   106 ;;
   107 ;; *************** function _main *****************
   108 ;; Defined at:
   109 ;;		line 53 in file "main.c"
   110 ;; Parameters:    Size  Location     Type
   111 ;;		None
   112 ;; Auto vars:     Size  Location     Type
   113 ;;		None
   114 ;; Return value:  Size  Location     Type
   115 ;;                  1    wreg      void 
   116 ;; Registers used:
   117 ;;		wreg, status,2, cstack
   118 ;; Tracked objects:
   119 ;;		On entry : 0/0
   120 ;;		On exit  : 0/0
   121 ;;		Unchanged: 0/0
   122 ;; Data sizes:     COMRAM   BANK0   BANK1   BANK2   BANK3   BANK4   BANK5   BANK6   BANK7   BANK8   BANK9  BANK10  BANK1
      +1  BANK12  BANK13  BANK14
   123 ;;      Params:         0       0       0       0       0       0       0       0       0       0       0       0       
      +0       0       0       0
   124 ;;      Locals:         0       0       0       0       0       0       0       0       0       0       0       0       
      +0       0       0       0
   125 ;;      Temps:          0       0       0       0       0       0       0       0       0       0       0       0       
      +0       0       0       0
   126 ;;      Totals:         0       0       0       0       0       0       0       0       0       0       0       0       
      +0       0       0       0
   127 ;;Total ram usage:        0 bytes
   128 ;; Hardware stack levels required when called:    2
   129 ;; This function calls:
   130 ;;		_SYSTEM_Initialize
   131 ;; This function is called by:
   132 ;;		Startup code after reset
   133 ;; This function uses a non-reentrant model
   134 ;;
   135                           
   136                           	psect	text0
   137  000F84                     __ptext0:
   138                           	opt stack 0
   139  000F84                     _main:
   140                           	opt stack 29
   141                           
   142                           ;main.c: 56: SYSTEM_Initialize();
   143                           
   144                           ;incstack = 0
   145  000F84  ECBA  F007         	call	_SYSTEM_Initialize	;wreg free
   146  000F88                     l67:
   147                           
   148                           ;main.c: 87: {
   149  000F88  D7FF               	goto	l67
   150  000F8A                     __end_of_main:
   151                           	opt stack 0
   152                           
   153 ;; *************** function _SYSTEM_Initialize *****************
   154 ;; Defined at:
   155 ;;		line 115 in file "mcc_generated_files/mcc.c"
   156 ;; Parameters:    Size  Location     Type
   157 ;;		None
   158 ;; Auto vars:     Size  Location     Type
   159 ;;		None
   160 ;; Return value:  Size  Location     Type
   161 ;;                  1    wreg      void 
   162 ;; Registers used:
   163 ;;		wreg, status,2, cstack
   164 ;; Tracked objects:
   165 ;;		On entry : 0/0
   166 ;;		On exit  : 0/0
   167 ;;		Unchanged: 0/0
   168 ;; Data sizes:     COMRAM   BANK0   BANK1   BANK2   BANK3   BANK4   BANK5   BANK6   BANK7   BANK8   BANK9  BANK10  BANK1
      +1  BANK12  BANK13  BANK14
   169 ;;      Params:         0       0       0       0       0       0       0       0       0       0       0       0       
      +0       0       0       0
   170 ;;      Locals:         0       0       0       0       0       0       0       0       0       0       0       0       
      +0       0       0       0
   171 ;;      Temps:          0       0       0       0       0       0       0       0       0       0       0       0       
      +0       0       0       0
   172 ;;      Totals:         0       0       0       0       0       0       0       0       0       0       0       0       
      +0       0       0       0
   173 ;;Total ram usage:        0 bytes
   174 ;; Hardware stack levels used:    1
   175 ;; Hardware stack levels required when called:    1
   176 ;; This function calls:
   177 ;;		_OSCILLATOR_Initialize
   178 ;;		_PIN_MANAGER_Initialize
   179 ;; This function is called by:
   180 ;;		_main
   181 ;; This function uses a non-reentrant model
   182 ;;
   183                           
   184                           	psect	text1
   185  000F74                     __ptext1:
   186                           	opt stack 0
   187  000F74                     _SYSTEM_Initialize:
   188                           	opt stack 29
   189                           
   190                           ;mcc.c: 118: PIN_MANAGER_Initialize();
   191                           
   192                           ;incstack = 0
   193  000F74  EC81  F007         	call	_PIN_MANAGER_Initialize	;wreg free
   194                           
   195                           ;mcc.c: 119: OSCILLATOR_Initialize();
   196  000F78  ECAA  F007         	call	_OSCILLATOR_Initialize	;wreg free
   197  000F7C  0012               	return		;funcret
   198  000F7E                     __end_of_SYSTEM_Initialize:
   199                           	opt stack 0
   200                           
   201 ;; *************** function _PIN_MANAGER_Initialize *****************
   202 ;; Defined at:
   203 ;;		line 52 in file "mcc_generated_files/pin_manager.c"
   204 ;; Parameters:    Size  Location     Type
   205 ;;		None
   206 ;; Auto vars:     Size  Location     Type
   207 ;;		None
   208 ;; Return value:  Size  Location     Type
   209 ;;                  1    wreg      void 
   210 ;; Registers used:
   211 ;;		wreg, status,2
   212 ;; Tracked objects:
   213 ;;		On entry : 0/0
   214 ;;		On exit  : 0/0
   215 ;;		Unchanged: 0/0
   216 ;; Data sizes:     COMRAM   BANK0   BANK1   BANK2   BANK3   BANK4   BANK5   BANK6   BANK7   BANK8   BANK9  BANK10  BANK1
      +1  BANK12  BANK13  BANK14
   217 ;;      Params:         0       0       0       0       0       0       0       0       0       0       0       0       
      +0       0       0       0
   218 ;;      Locals:         0       0       0       0       0       0       0       0       0       0       0       0       
      +0       0       0       0
   219 ;;      Temps:          0       0       0       0       0       0       0       0       0       0       0       0       
      +0       0       0       0
   220 ;;      Totals:         0       0       0       0       0       0       0       0       0       0       0       0       
      +0       0       0       0
   221 ;;Total ram usage:        0 bytes
   222 ;; Hardware stack levels used:    1
   223 ;; This function calls:
   224 ;;		Nothing
   225 ;; This function is called by:
   226 ;;		_SYSTEM_Initialize
   227 ;; This function uses a non-reentrant model
   228 ;;
   229                           
   230                           	psect	text2
   231  000F02                     __ptext2:
   232                           	opt stack 0
   233  000F02                     _PIN_MANAGER_Initialize:
   234                           	opt stack 29
   235                           
   236                           ;pin_manager.c: 57: LATA = 0x00;
   237                           
   238                           ;incstack = 0
   239  000F02  0E00               	movlw	0
   240  000F04  6E83               	movwf	3971,c	;volatile
   241                           
   242                           ;pin_manager.c: 58: LATB = 0x00;
   243  000F06  0E00               	movlw	0
   244  000F08  6E84               	movwf	3972,c	;volatile
   245                           
   246                           ;pin_manager.c: 59: LATC = 0x00;
   247  000F0A  0E00               	movlw	0
   248  000F0C  6E85               	movwf	3973,c	;volatile
   249                           
   250                           ;pin_manager.c: 64: TRISA = 0xF0;
   251  000F0E  0EF0               	movlw	240
   252  000F10  6E88               	movwf	3976,c	;volatile
   253                           
   254                           ;pin_manager.c: 65: TRISB = 0xFF;
   255  000F12  6889               	setf	3977,c	;volatile
   256                           
   257                           ;pin_manager.c: 66: TRISC = 0xC7;
   258  000F14  0EC7               	movlw	199
   259  000F16  6E8A               	movwf	3978,c	;volatile
   260                           
   261                           ;pin_manager.c: 71: ANSELC = 0xC7;
   262  000F18  0EC7               	movlw	199
   263  000F1A  010F               	movlb	15	; () banked
   264  000F1C  6F21               	movwf	33,b	;volatile
   265                           
   266                           ; BSR set to: 15
   267                           ;pin_manager.c: 72: ANSELB = 0xFF;
   268  000F1E  010F               	movlb	15	; () banked
   269  000F20  6919               	setf	25,b	;volatile
   270                           
   271                           ;pin_manager.c: 73: ANSELA = 0xF0;
   272  000F22  0EF0               	movlw	240
   273  000F24  010F               	movlb	15	; () banked
   274  000F26  6F11               	movwf	17,b	;volatile
   275                           
   276                           ;pin_manager.c: 78: WPUE = 0x00;
   277  000F28  0E00               	movlw	0
   278  000F2A  010F               	movlb	15	; () banked
   279  000F2C  6F2D               	movwf	45,b	;volatile
   280                           
   281                           ;pin_manager.c: 79: WPUB = 0x00;
   282  000F2E  0E00               	movlw	0
   283  000F30  010F               	movlb	15	; () banked
   284  000F32  6F18               	movwf	24,b	;volatile
   285                           
   286                           ;pin_manager.c: 80: WPUA = 0x00;
   287  000F34  0E00               	movlw	0
   288  000F36  010F               	movlb	15	; () banked
   289  000F38  6F10               	movwf	16,b	;volatile
   290                           
   291                           ;pin_manager.c: 81: WPUC = 0x00;
   292  000F3A  0E00               	movlw	0
   293  000F3C  010F               	movlb	15	; () banked
   294  000F3E  6F20               	movwf	32,b	;volatile
   295                           
   296                           ;pin_manager.c: 86: ODCONA = 0x00;
   297  000F40  0E00               	movlw	0
   298  000F42  010F               	movlb	15	; () banked
   299  000F44  6F0F               	movwf	15,b	;volatile
   300                           
   301                           ;pin_manager.c: 87: ODCONB = 0x00;
   302  000F46  0E00               	movlw	0
   303  000F48  010F               	movlb	15	; () banked
   304  000F4A  6F17               	movwf	23,b	;volatile
   305                           
   306                           ;pin_manager.c: 88: ODCONC = 0x00;
   307  000F4C  0E00               	movlw	0
   308  000F4E  010F               	movlb	15	; () banked
   309  000F50  6F1F               	movwf	31,b	;volatile
   310                           
   311                           ; BSR set to: 15
   312  000F52  0012               	return		;funcret
   313  000F54                     __end_of_PIN_MANAGER_Initialize:
   314                           	opt stack 0
   315                           
   316 ;; *************** function _OSCILLATOR_Initialize *****************
   317 ;; Defined at:
   318 ;;		line 122 in file "mcc_generated_files/mcc.c"
   319 ;; Parameters:    Size  Location     Type
   320 ;;		None
   321 ;; Auto vars:     Size  Location     Type
   322 ;;		None
   323 ;; Return value:  Size  Location     Type
   324 ;;                  1    wreg      void 
   325 ;; Registers used:
   326 ;;		wreg, status,2
   327 ;; Tracked objects:
   328 ;;		On entry : 0/0
   329 ;;		On exit  : 0/0
   330 ;;		Unchanged: 0/0
   331 ;; Data sizes:     COMRAM   BANK0   BANK1   BANK2   BANK3   BANK4   BANK5   BANK6   BANK7   BANK8   BANK9  BANK10  BANK1
      +1  BANK12  BANK13  BANK14
   332 ;;      Params:         0       0       0       0       0       0       0       0       0       0       0       0       
      +0       0       0       0
   333 ;;      Locals:         0       0       0       0       0       0       0       0       0       0       0       0       
      +0       0       0       0
   334 ;;      Temps:          0       0       0       0       0       0       0       0       0       0       0       0       
      +0       0       0       0
   335 ;;      Totals:         0       0       0       0       0       0       0       0       0       0       0       0       
      +0       0       0       0
   336 ;;Total ram usage:        0 bytes
   337 ;; Hardware stack levels used:    1
   338 ;; This function calls:
   339 ;;		Nothing
   340 ;; This function is called by:
   341 ;;		_SYSTEM_Initialize
   342 ;; This function uses a non-reentrant model
   343 ;;
   344                           
   345                           	psect	text3
   346  000F54                     __ptext3:
   347                           	opt stack 0
   348  000F54                     _OSCILLATOR_Initialize:
   349                           	opt stack 29
   350                           
   351                           ;mcc.c: 125: OSCCON1 = 0x60;
   352                           
   353                           ; BSR set to: 15
   354                           ;incstack = 0
   355  000F54  0E60               	movlw	96
   356  000F56  010E               	movlb	14	; () banked
   357  000F58  6FD8               	movwf	216,b	;volatile
   358                           
   359                           ;mcc.c: 127: OSCCON3 = 0x00;
   360  000F5A  0E00               	movlw	0
   361  000F5C  010E               	movlb	14	; () banked
   362  000F5E  6FDA               	movwf	218,b	;volatile
   363                           
   364                           ;mcc.c: 129: OSCEN = 0x00;
   365  000F60  0E00               	movlw	0
   366  000F62  010E               	movlb	14	; () banked
   367  000F64  6FDC               	movwf	220,b	;volatile
   368                           
   369                           ;mcc.c: 131: OSCFRQ = 0x08;
   370  000F66  0E08               	movlw	8
   371  000F68  010E               	movlb	14	; () banked
   372  000F6A  6FDE               	movwf	222,b	;volatile
   373                           
   374                           ;mcc.c: 133: OSCTUNE = 0x00;
   375  000F6C  0E00               	movlw	0
   376  000F6E  010E               	movlb	14	; () banked
   377  000F70  6FDD               	movwf	221,b	;volatile
   378                           
   379                           ; BSR set to: 14
   380  000F72  0012               	return		;funcret
   381  000F74                     __end_of_OSCILLATOR_Initialize:
   382                           	opt stack 0
   383                           
   384                           	psect	smallconst
   385  000F00                     __psmallconst:
   386                           	opt stack 0
   387  000F00  00                 	db	0
   388  000F01  00                 	db	0	; dummy byte at the end
   389  0000                     
   390                           	psect	rparam


Data Sizes:
    Strings     0
    Constant    0
    Data        0
    BSS         0
    Persistent  0
    Stack       0

Auto Spaces:
    Space          Size  Autos    Used
    COMRAM           95      0       0
    BANK0           160      0       0
    BANK1           256      0       0
    BANK2           256      0       0
    BANK3           256      0       0
    BANK4           256      0       0
    BANK5           256      0       0
    BANK6           256      0       0
    BANK7           256      0       0
    BANK8           256      0       0
    BANK9           256      0       0
    BANK10          256      0       0
    BANK11          256      0       0
    BANK12          256      0       0
    BANK13          256      0       0
    BANK14          136      0       0

Pointer List with Targets:

    None.

Critical Paths under _main in COMRAM

    None.

Critical Paths under _main in BANK0

    None.

Critical Paths under _main in BANK1

    None.

Critical Paths under _main in BANK2

    None.

Critical Paths under _main in BANK3

    None.

Critical Paths under _main in BANK4

    None.

Critical Paths under _main in BANK5

    None.

Critical Paths under _main in BANK6

    None.

Critical Paths under _main in BANK7

    None.

Critical Paths under _main in BANK8

    None.

Critical Paths under _main in BANK9

    None.

Critical Paths under _main in BANK10

    None.

Critical Paths under _main in BANK11

    None.

Critical Paths under _main in BANK12

    None.

Critical Paths under _main in BANK13

    None.

Critical Paths under _main in BANK14

    None.

Call Graph Tables:

 ---------------------------------------------------------------------------------
 (Depth) Function   	        Calls       Base Space   Used Autos Params    Refs
 ---------------------------------------------------------------------------------
 (0) _main                                                 0     0      0       0
                  _SYSTEM_Initialize
 ---------------------------------------------------------------------------------
 (1) _SYSTEM_Initialize                                    0     0      0       0
              _OSCILLATOR_Initialize
             _PIN_MANAGER_Initialize
 ---------------------------------------------------------------------------------
 (2) _PIN_MANAGER_Initialize                               0     0      0       0
 ---------------------------------------------------------------------------------
 (2) _OSCILLATOR_Initialize                                0     0      0       0
 ---------------------------------------------------------------------------------
 Estimated maximum stack depth 2
 ---------------------------------------------------------------------------------

 Call Graph Graphs:

 _main (ROOT)
   _SYSTEM_Initialize
     _OSCILLATOR_Initialize
     _PIN_MANAGER_Initialize

 Address spaces:
Name               Size   Autos  Total    Cost      Usage
BITCOMRAM           5F      0       0       0        0.0%
EEDATA             400      0       0       0        0.0%
NULL                 0      0       0       0        0.0%
CODE                 0      0       0       0        0.0%
COMRAM              5F      0       0       1        0.0%
STACK                0      0       0       2        0.0%
DATA                 0      0       0       3        0.0%
BITBANK0            A0      0       0       4        0.0%
BANK0               A0      0       0       5        0.0%
ABS                  0      0       0       6        0.0%
BITBANK1           100      0       0       7        0.0%
BANK1              100      0       0       8        0.0%
BITBANK2           100      0       0       9        0.0%
BANK2              100      0       0      10        0.0%
BITBANK3           100      0       0      11        0.0%
BANK3              100      0       0      12        0.0%
BITBANK4           100      0       0      13        0.0%
BANK4              100      0       0      14        0.0%
BITBANK5           100      0       0      15        0.0%
BANK5              100      0       0      16        0.0%
BITBANK6           100      0       0      17        0.0%
BANK6              100      0       0      18        0.0%
BITBANK7           100      0       0      19        0.0%
BANK7              100      0       0      20        0.0%
BITBANK8           100      0       0      21        0.0%
BANK8              100      0       0      22        0.0%
BITBANK9           100      0       0      23        0.0%
BANK9              100      0       0      24        0.0%
BITBANK10          100      0       0      25        0.0%
BANK10             100      0       0      26        0.0%
BITBANK11          100      0       0      27        0.0%
BANK11             100      0       0      28        0.0%
BITBANK12          100      0       0      29        0.0%
BANK12             100      0       0      30        0.0%
BITBANK13          100      0       0      31        0.0%
BANK13             100      0       0      32        0.0%
BITBANK14           88      0       0      33        0.0%
BANK14              88      0       0      34        0.0%
BIGRAM             E87      0       0      35        0.0%
BITSFR_2             0      0       0     200        0.0%
SFR_2                0      0       0     200        0.0%
BITSFR_1             0      0       0     200        0.0%
SFR_1                0      0       0     200        0.0%
BITSFR               0      0       0     200        0.0%
SFR                  0      0       0     200        0.0%


Microchip Technology PIC18 Macro Assembler V1.43 build -156212558 
Symbol Table                                                                                   Wed Nov 01 21:42:28 2017

                    __CFG_CP$OFF 000000                               l67 0F88  
                    __CFG_LVP$ON 000000                     __CFG_CPD$OFF 000000  
                   __CFG_ZCD$OFF 000000                             _LATA 000F83  
                           _LATB 000F84                             _LATC 000F85  
                           _WPUA 000F10                             _WPUB 000F18  
                           _WPUC 000F20                             _WPUE 000F2D  
                  __CFG_FCMEN$ON 000000                             _main 0F84  
                           start 076A                    __CFG_CSWEN$ON 000000  
                   ___param_bank 000000                    __CFG_SCANE$ON 000000  
 __size_of_OSCILLATOR_Initialize 0020    __end_of_OSCILLATOR_Initialize 0F74  
                          ?_main 0000                    __CFG_WDTE$OFF 000000  
                 __CFG_DEBUG$OFF 000000                            _OSCEN 000EDC  
                          _TRISA 000F88                            _TRISB 000F89  
                          _TRISC 000F8A                    __CFG_WRT0$OFF 000000  
                  __CFG_WRT1$OFF 000000                    __CFG_WRT2$OFF 000000  
                  __CFG_WRT3$OFF 000000                    __CFG_WRT4$OFF 000000  
                  __CFG_WRT5$OFF 000000                    __CFG_WRT6$OFF 000000  
                  __CFG_WRT7$OFF 000000                   __CFG_EBTR0$OFF 000000  
                 __CFG_EBTR1$OFF 000000                   __CFG_EBTR2$OFF 000000  
                 __CFG_EBTR3$OFF 000000                   __CFG_EBTR4$OFF 000000  
                 __CFG_EBTR5$OFF 000000                   __CFG_EBTR6$OFF 000000  
                 __CFG_EBTR7$OFF 000000                    __CFG_WRTB$OFF 000000  
                  __CFG_WRTC$OFF 000000                    __CFG_WRTD$OFF 000000  
                 __CFG_EBTRB$OFF 000000               __CFG_MCLRE$EXTMCLR 000000  
                __initialization 0F7E                     __end_of_main 0F8A  
                         ??_main 0000                    __activetblptr 000003  
                         _ANSELA 000F11                           _ANSELB 000F19  
                         _ANSELC 000F21                           _ODCONA 000F0F  
                         _ODCONB 000F17                           _ODCONC 000F1F  
                 __CFG_WDTCCS$SC 000000                           _OSCFRQ 000EDE  
                         _NVFlag FFFE                   __CFG_PWRTE$OFF 000000  
                 __CFG_XINST$OFF 000000                   __CFG_STVREN$ON 000000  
                   __mediumconst 0000                _SYSTEM_Initialize 0F74  
                     __accesstop 0060          __end_of__initialization 0F7E  
             ?_SYSTEM_Initialize 0000                    ___rparam_used 000001  
                 __pcstackCOMRAM 0000              ??_SYSTEM_Initialize 0000  
      __end_of_SYSTEM_Initialize 0F7E                  __CFG_PPS1WAY$ON 000000  
                __p_NVFlag_const FFFE                          _OSCCON1 000ED8  
                        _OSCCON3 000EDA                          _OSCTUNE 000EDD  
                        __Hparam 0000                          __Lparam 0000  
     __CFG_RSTOSC$HFINTOSC_64MHZ 000000                     __psmallconst 0F00  
                        __pcinit 0F7E                          __ramtop 0F00  
                        __ptext0 0F84                          __ptext1 0F74  
                        __ptext2 0F02                          __ptext3 0F54  
          _OSCILLATOR_Initialize 0F54         ??_PIN_MANAGER_Initialize 0000  
     __size_of_SYSTEM_Initialize 000A             end_of_initialization 0F7E  
          __CFG_WDTCPS$WDTCPS_31 000000              _NVFlag_absconstaddr 01FFFE  
               __CFG_FEXTOSC$OFF 000000                   __end_of_NVFlag FFFF  
         ?_OSCILLATOR_Initialize 0000              start_initialization 0F7E  
__size_of_PIN_MANAGER_Initialize 0052                 __CFG_LPBOREN$OFF 000000  
         _PIN_MANAGER_Initialize 0F02                      __smallconst 0F00  
            __CFG_BORV$VBOR_2P45 000000                         __Hrparam 0000  
                       __Lrparam 0000               __CFG_BOREN$SBORDIS 000000  
        ??_OSCILLATOR_Initialize 0000                    __size_of_main 0006  
           __CFG_WDTCWS$WDTCWS_7 000000          ?_PIN_MANAGER_Initialize 0000  
              __CFG_CLKOUTEN$OFF 000000   __end_of_PIN_MANAGER_Initialize 0F54  
